INFO:root:

***** Iniciando ejecución *****
INFO:root:
Hora y fecha de ejecución: 2022-07-15 12:37:04
INFO:root:
Hora y fecha de terminación: 2022-07-15 12:37:14
INFO:root:

***** Terminando la ejecución *****

INFO:root:

***** Iniciando ejecución *****
INFO:root:
Hora y fecha de ejecución: 2022-07-15 12:48:22
INFO:root:
Hora y fecha de terminación: 2022-07-15 12:48:58
INFO:root:

***** Terminando la ejecución *****

INFO:root:

***** Iniciando ejecución *****
INFO:root:
Hora y fecha de ejecución: 2022-07-15 12:49:10
INFO:root:
Hora y fecha de terminación: 2022-07-15 12:49:29
INFO:root:

***** Terminando la ejecución *****

INFO:root:

***** Iniciando ejecución *****
INFO:root:
Hora y fecha de ejecución: 2022-07-15 12:50:51
INFO:root:
Hora y fecha de terminación: 2022-07-15 12:51:00
INFO:root:

***** Terminando la ejecución *****

INFO:root:

***** Iniciando ejecución *****
INFO:root:
Hora y fecha de ejecución: 2022-07-15 12:52:02
INFO:root:
Hora y fecha de terminación: 2022-07-15 12:52:19
INFO:root:

***** Terminando la ejecución *****

INFO:root:

***** Iniciando ejecución *****
INFO:root:
Hora y fecha de ejecución: 2022-07-15 12:52:32
INFO:root:
Hora y fecha de terminación: 2022-07-15 12:52:47
INFO:root:

***** Terminando la ejecución *****

INFO:root:

***** Iniciando ejecución *****
INFO:root:
Hora y fecha de ejecución: 2022-07-15 12:55:14
INFO:root:
Hora y fecha de terminación: 2022-07-15 12:56:01
INFO:root:

***** Terminando la ejecución *****

INFO:root:

***** Iniciando ejecución *****
INFO:root:
Hora y fecha de ejecución: 2022-07-15 12:58:54
INFO:root:
Hora y fecha de terminación: 2022-07-15 12:59:14
INFO:root:

***** Terminando la ejecución *****

INFO:root:

***** Iniciando ejecución *****
INFO:root:
Hora y fecha de ejecución: 2022-07-15 17:47:00
INFO:root:
Hora y fecha de terminación: 2022-07-15 17:47:25
INFO:root:

***** Terminando la ejecución *****

INFO:root:

***** Iniciando ejecución *****
INFO:root:
Hora y fecha de ejecución: 2022-07-15 17:47:31
INFO:root:
Hora y fecha de terminación: 2022-07-15 17:47:41
INFO:root:

***** Terminando la ejecución *****

INFO:root:

***** Iniciando ejecución *****
INFO:root:
Hora y fecha de ejecución: 2022-07-15 17:47:48
INFO:root:
Hora y fecha de terminación: 2022-07-15 17:48:31
INFO:root:

***** Terminando la ejecución *****

INFO:root:

***** Iniciando ejecución *****
INFO:root:
Hora y fecha de ejecución: 2022-07-15 17:48:42
INFO:root:

***** Iniciando ejecución *****
INFO:root:
Hora y fecha de ejecución: 2022-07-15 17:51:55
INFO:root:
Hora y fecha de terminación: 2022-07-15 17:52:08
INFO:root:

***** Terminando la ejecución *****

INFO:root:

***** Iniciando ejecución *****
INFO:root:
Hora y fecha de ejecución: 2022-07-15 17:53:33
INFO:root:
Hora y fecha de terminación: 2022-07-15 17:53:38
INFO:root:

***** Terminando la ejecución *****

INFO:root:

***** Iniciando ejecución *****
INFO:root:
Hora y fecha de ejecución: 2022-07-15 17:53:53
INFO:root:
Hora y fecha de terminación: 2022-07-15 17:54:16
INFO:root:

***** Terminando la ejecución *****

INFO:root:

***** Iniciando ejecución *****
INFO:root:
Hora y fecha de ejecución: 2022-07-15 17:54:23
INFO:root:
Hora y fecha de terminación: 2022-07-15 17:55:14
INFO:root:

***** Terminando la ejecución *****

INFO:root:

***** Iniciando ejecución *****
INFO:root:
Hora y fecha de ejecución: 2022-07-15 17:55:20
INFO:root:
Hora y fecha de terminación: 2022-07-15 17:56:30
INFO:root:

***** Terminando la ejecución *****

INFO:root:

***** Iniciando ejecución *****
INFO:root:
Hora y fecha de ejecución: 2022-07-15 18:24:04
CRITICAL:root:Ha ocurrido un eror en la función descripcion, línea 43: 
module 'matplotlib.pyplot' has no attribute 'sublots'
INFO:root:
Hora y fecha de terminación: 2022-07-15 18:24:04
INFO:root:

***** Terminando la ejecución *****

INFO:root:

***** Iniciando ejecución *****
INFO:root:
Hora y fecha de ejecución: 2022-07-15 18:24:28
CRITICAL:root:Ha ocurrido un eror en la función descripcion, línea 56: 
'LP reach by people like page'
INFO:root:
Hora y fecha de terminación: 2022-07-15 18:24:35
INFO:root:

***** Terminando la ejecución *****

INFO:root:

***** Iniciando ejecución *****
INFO:root:
Hora y fecha de ejecución: 2022-07-15 18:25:01
INFO:root:
Hora y fecha de terminación: 2022-07-15 18:25:32
INFO:root:

***** Terminando la ejecución *****

INFO:root:

***** Iniciando ejecución *****
INFO:root:
Hora y fecha de ejecución: 2022-07-15 18:26:45
INFO:root:
Hora y fecha de terminación: 2022-07-15 18:27:41
INFO:root:

***** Terminando la ejecución *****

INFO:root:

***** Iniciando ejecución *****
INFO:root:
Hora y fecha de ejecución: 2022-07-15 18:33:43
INFO:root:
Hora y fecha de terminación: 2022-07-15 18:34:29
INFO:root:

***** Terminando la ejecución *****

INFO:root:

***** Iniciando ejecución *****
INFO:root:
Hora y fecha de ejecución: 2022-07-15 18:37:59
INFO:root:
Hora y fecha de terminación: 2022-07-15 18:38:21
INFO:root:

***** Terminando la ejecución *****

INFO:root:

***** Iniciando ejecución *****
INFO:root:
Hora y fecha de ejecución: 2022-07-15 19:13:58
CRITICAL:root:Ha ocurrido un eror en la función descripcion, línea 51: 
num must be 1 <= num <= 4, not 5
INFO:root:
Hora y fecha de terminación: 2022-07-15 19:14:10
INFO:root:

***** Terminando la ejecución *****

INFO:root:

***** Iniciando ejecución *****
INFO:root:
Hora y fecha de ejecución: 2022-07-15 19:15:12
INFO:root:
Hora y fecha de terminación: 2022-07-15 19:15:41
INFO:root:

***** Terminando la ejecución *****

INFO:root:

***** Iniciando ejecución *****
INFO:root:
Hora y fecha de ejecución: 2022-07-15 19:16:17
INFO:root:
Hora y fecha de terminación: 2022-07-15 19:16:35
INFO:root:

***** Terminando la ejecución *****

INFO:root:

***** Iniciando ejecución *****
INFO:root:
Hora y fecha de ejecución: 2022-07-15 19:16:44
INFO:root:
Hora y fecha de terminación: 2022-07-15 19:18:41
INFO:root:

***** Terminando la ejecución *****

INFO:root:

***** Iniciando ejecución *****
INFO:root:
Hora y fecha de ejecución: 2022-07-15 19:28:12
INFO:root:

***** Iniciando ejecución *****
INFO:root:
Hora y fecha de ejecución: 2022-07-15 19:38:44
CRITICAL:root:Ha ocurrido un eror en la función descripcion, línea 49: 
index 5 is out of bounds for axis 0 with size 5
INFO:root:
Hora y fecha de terminación: 2022-07-15 19:38:46
INFO:root:

***** Terminando la ejecución *****

INFO:root:

***** Iniciando ejecución *****
INFO:root:
Hora y fecha de ejecución: 2022-07-15 19:39:45
INFO:root:
Hora y fecha de terminación: 2022-07-15 19:40:02
INFO:root:

***** Terminando la ejecución *****

INFO:root:

***** Iniciando ejecución *****
INFO:root:
Hora y fecha de ejecución: 2022-07-15 19:40:20
INFO:root:
Hora y fecha de terminación: 2022-07-15 19:41:14
INFO:root:

***** Terminando la ejecución *****

INFO:root:

***** Iniciando ejecución *****
INFO:root:
Hora y fecha de ejecución: 2022-07-15 19:41:56
INFO:root:
Hora y fecha de terminación: 2022-07-15 19:42:34
INFO:root:

***** Terminando la ejecución *****

INFO:root:

***** Iniciando ejecución *****
INFO:root:
Hora y fecha de ejecución: 2022-07-15 19:43:08
INFO:root:
Hora y fecha de terminación: 2022-07-15 19:43:16
INFO:root:

***** Terminando la ejecución *****

INFO:root:

***** Iniciando ejecución *****
INFO:root:
Hora y fecha de ejecución: 2022-07-15 19:44:06
CRITICAL:root:Ha ocurrido un eror en la función descripcion, línea 45: 
left cannot be >= right
INFO:root:
Hora y fecha de terminación: 2022-07-15 19:44:06
INFO:root:

***** Terminando la ejecución *****

INFO:root:

***** Iniciando ejecución *****
INFO:root:
Hora y fecha de ejecución: 2022-07-15 19:44:26
CRITICAL:root:Ha ocurrido un eror en la función descripcion, línea 45: 
left cannot be >= right
INFO:root:
Hora y fecha de terminación: 2022-07-15 19:44:26
INFO:root:

***** Terminando la ejecución *****

INFO:root:

***** Iniciando ejecución *****
INFO:root:
Hora y fecha de ejecución: 2022-07-15 19:44:43
CRITICAL:root:Ha ocurrido un eror en la función descripcion, línea 45: 
bottom cannot be >= top
INFO:root:
Hora y fecha de terminación: 2022-07-15 19:44:44
INFO:root:

***** Terminando la ejecución *****

INFO:root:

***** Iniciando ejecución *****
INFO:root:
Hora y fecha de ejecución: 2022-07-15 19:44:56
INFO:root:
Hora y fecha de terminación: 2022-07-15 19:45:05
INFO:root:

***** Terminando la ejecución *****

INFO:root:

***** Iniciando ejecución *****
INFO:root:
Hora y fecha de ejecución: 2022-07-15 19:45:17
INFO:root:
Hora y fecha de terminación: 2022-07-15 19:46:03
INFO:root:

***** Terminando la ejecución *****

INFO:root:

***** Iniciando ejecución *****
INFO:root:
Hora y fecha de ejecución: 2022-07-15 19:46:08
INFO:root:
Hora y fecha de terminación: 2022-07-15 19:46:23
INFO:root:

***** Terminando la ejecución *****

INFO:root:

***** Iniciando ejecución *****
INFO:root:
Hora y fecha de ejecución: 2022-07-15 19:46:25
INFO:root:
Hora y fecha de terminación: 2022-07-15 19:46:39
INFO:root:

***** Terminando la ejecución *****

INFO:root:

***** Iniciando ejecución *****
INFO:root:
Hora y fecha de ejecución: 2022-07-15 19:46:42
INFO:root:
Hora y fecha de terminación: 2022-07-15 19:47:01
INFO:root:

***** Terminando la ejecución *****

INFO:root:

***** Iniciando ejecución *****
INFO:root:
Hora y fecha de ejecución: 2022-07-15 19:47:06
INFO:root:
Hora y fecha de terminación: 2022-07-15 19:47:15
INFO:root:

***** Terminando la ejecución *****

INFO:root:

***** Iniciando ejecución *****
INFO:root:
Hora y fecha de ejecución: 2022-07-15 19:47:24
INFO:root:
Hora y fecha de terminación: 2022-07-15 19:48:23
INFO:root:

***** Terminando la ejecución *****

INFO:root:

***** Iniciando ejecución *****
INFO:root:
Hora y fecha de ejecución: 2022-07-15 19:48:48
INFO:root:
Hora y fecha de terminación: 2022-07-15 19:49:02
INFO:root:

***** Terminando la ejecución *****

INFO:root:

***** Iniciando ejecución *****
INFO:root:
Hora y fecha de ejecución: 2022-07-18 21:06:32
CRITICAL:root:Ha ocurrido un eror en la función descripcion, línea 54: 
index 3 is out of bounds for axis 1 with size 3
INFO:root:
Hora y fecha de terminación: 2022-07-18 21:06:39
INFO:root:

***** Terminando la ejecución *****

INFO:root:

***** Iniciando ejecución *****
INFO:root:
Hora y fecha de ejecución: 2022-07-18 21:07:32
CRITICAL:root:Ha ocurrido un eror en la función descripcion, línea 54: 
index 3 is out of bounds for axis 1 with size 3
INFO:root:
Hora y fecha de terminación: 2022-07-18 21:07:33
INFO:root:

***** Terminando la ejecución *****

INFO:root:

***** Iniciando ejecución *****
INFO:root:
Hora y fecha de ejecución: 2022-07-18 21:08:37
CRITICAL:root:Ha ocurrido un eror en la función descripcion, línea 66: 
index 3 is out of bounds for axis 0 with size 3
INFO:root:
Hora y fecha de terminación: 2022-07-18 21:08:40
INFO:root:

***** Terminando la ejecución *****

INFO:root:

***** Iniciando ejecución *****
INFO:root:
Hora y fecha de ejecución: 2022-07-18 21:10:59
CRITICAL:root:Ha ocurrido un eror en la función descripcion, línea 66: 
index 3 is out of bounds for axis 0 with size 3
INFO:root:
Hora y fecha de terminación: 2022-07-18 21:11:01
INFO:root:

***** Terminando la ejecución *****

INFO:root:

***** Iniciando ejecución *****
INFO:root:
Hora y fecha de ejecución: 2022-07-18 21:13:53
CRITICAL:root:Ha ocurrido un eror en la función descripcion, línea 49: 
too many values to unpack (expected 2)
INFO:root:
Hora y fecha de terminación: 2022-07-18 21:13:54
INFO:root:

***** Terminando la ejecución *****

INFO:root:

***** Iniciando ejecución *****
INFO:root:
Hora y fecha de ejecución: 2022-07-18 21:18:23
CRITICAL:root:Ha ocurrido un eror en la función descripcion, línea 49: 
too many values to unpack (expected 2)
INFO:root:
Hora y fecha de terminación: 2022-07-18 21:18:23
INFO:root:

***** Terminando la ejecución *****

INFO:root:

***** Iniciando ejecución *****
INFO:root:
Hora y fecha de ejecución: 2022-07-18 21:48:52
CRITICAL:root:Ha ocurrido un eror en la función descripcion, línea 59: 
num must be 1 <= num <= 4, not 5
INFO:root:
Hora y fecha de terminación: 2022-07-18 21:48:59
INFO:root:

***** Terminando la ejecución *****

INFO:root:

***** Iniciando ejecución *****
INFO:root:
Hora y fecha de ejecución: 2022-07-18 21:49:45
INFO:root:

***** Iniciando ejecución *****
INFO:root:
Hora y fecha de ejecución: 2022-07-18 21:51:09
INFO:root:
Hora y fecha de terminación: 2022-07-18 21:51:28
INFO:root:

***** Terminando la ejecución *****

INFO:root:

***** Iniciando ejecución *****
INFO:root:
Hora y fecha de ejecución: 2022-07-18 21:52:28
INFO:root:
Hora y fecha de terminación: 2022-07-18 21:52:41
INFO:root:

***** Terminando la ejecución *****

INFO:root:

***** Iniciando ejecución *****
INFO:root:
Hora y fecha de ejecución: 2022-07-18 21:52:56
INFO:root:
Hora y fecha de terminación: 2022-07-18 21:53:07
INFO:root:

***** Terminando la ejecución *****

INFO:root:

***** Iniciando ejecución *****
INFO:root:
Hora y fecha de ejecución: 2022-07-18 21:53:56
CRITICAL:root:Ha ocurrido un eror en la función descripcion, línea 68: 
index 3 is out of bounds for axis 1 with size 3
INFO:root:
Hora y fecha de terminación: 2022-07-18 21:53:57
INFO:root:

***** Terminando la ejecución *****

INFO:root:

***** Iniciando ejecución *****
INFO:root:
Hora y fecha de ejecución: 2022-07-18 21:54:13
INFO:root:
Hora y fecha de terminación: 2022-07-18 21:54:44
INFO:root:

***** Terminando la ejecución *****

INFO:root:

***** Iniciando ejecución *****
INFO:root:
Hora y fecha de ejecución: 2022-07-18 21:55:51
CRITICAL:root:Ha ocurrido un eror en la función descripcion, línea 60: 
subplots() takes 2 positional arguments but 3 were given
INFO:root:
Hora y fecha de terminación: 2022-07-18 21:55:51
INFO:root:

***** Terminando la ejecución *****

INFO:root:

***** Iniciando ejecución *****
INFO:root:
Hora y fecha de ejecución: 2022-07-18 21:56:11
INFO:root:
Hora y fecha de terminación: 2022-07-18 21:56:58
INFO:root:

***** Terminando la ejecución *****

INFO:root:

***** Iniciando ejecución *****
INFO:root:
Hora y fecha de ejecución: 2022-07-18 22:07:17
INFO:root:
Hora y fecha de terminación: 2022-07-18 22:07:45
INFO:root:

***** Terminando la ejecución *****

INFO:root:

***** Iniciando ejecución *****
INFO:root:
Hora y fecha de ejecución: 2022-07-18 22:17:22
CRITICAL:root:Ha ocurrido un eror en la función descripcion, línea 64: 
Expected 2D array, got 1D array instead:
array=[139441. 139441. 139441. 139441. 139441. 139441. 139441. 139441. 139441.
 139441. 139441. 139441. 139441. 139441. 138414. 138414. 138414. 138414.
 138414. 138414. 138414. 138414. 138414. 138414. 138414. 138458. 138458.
 138458. 138895. 138895. 138895. 138895. 138895. 138895. 138895. 138895.
 138895. 138895. 138895. 138895. 138895. 138895. 138353. 138353. 138353.
 138353. 138353. 138353. 138353. 138353. 138353. 138329. 138329. 138329.
 138329. 138329. 138329. 138329. 138329. 138329. 138185. 138185. 138185.
 138185. 138185. 138185. 138185. 138185. 138185. 137893. 137893. 137893.
 137893. 137893. 137893. 137893. 137893. 137177. 137177. 137177. 137177.
 137177. 137177. 137177. 137177. 137177. 137177. 137177. 137177. 137059.
 137059. 137059. 137059. 137059. 137059. 137059. 137059. 137059. 137020.
 137020. 137020. 137020. 137020. 137020. 137020. 137020. 137020. 136736.
 136736. 136736. 136736. 136736. 136736. 136642. 136642. 136642. 136642.
 136642. 136642. 136393. 136393. 136393. 136393. 136393. 136393. 136393.
 136393. 136393. 136393. 136393. 136393. 136393. 136393. 136393. 136393.
 136393. 136393. 136013. 136013. 136013. 136013. 136013. 136013. 136013.
 136013. 136013. 136013. 135713. 135713. 135713. 135713. 135713. 135713.
 135713. 135713. 135700. 135700. 135700. 135700. 135617. 135617. 135617.
 135617. 135617. 135428. 135428. 135428. 135428. 135428. 135428. 135195.
 135195. 135195. 135195. 135195. 135195. 135195. 135195. 135195. 135195.
 134879. 134879. 134879. 134879. 134879. 134879. 134879. 134879. 134879.
 133679. 133679. 133679. 133679. 133594. 133594. 133594. 133594. 133594.
 133451. 132817. 132817. 132817. 132817. 132817. 132817. 132201. 132201.
 132201. 132201. 132201. 132201. 132201. 132201. 132201. 132201. 131956.
 131956. 131956. 131956. 131956. 131956. 131956. 131808. 131808. 131808.
 131808. 131728. 131728. 131728. 131630. 131630. 131630. 131630. 131630.
 131630. 131300. 131300. 131300. 131300. 130791. 130791. 130791. 130791.
 130791. 130791. 130791. 130791. 129600. 129600. 129600. 129600. 129600.
 129600. 129600. 129600. 129600. 129600. 129600. 129600. 129600. 129600.
 129600. 128032. 128032. 128032. 128032. 128032. 128032. 128032. 128032.
 128032. 128032. 127082. 126424. 126424. 126424. 126424. 126424. 126345.
 126345. 126345. 126345. 126345. 126141. 126141. 126141. 126141. 126141.
 126141. 125612. 125612. 125612. 125612. 125612. 125612. 125612. 125612.
 125612. 125612. 124940. 124940. 124940. 124940. 124940. 124940. 124940.
 124940. 124940. 124940. 124940. 124940. 124940. 124940. 124940. 124940.
 124940. 123047. 123047. 123047. 123047. 123047. 123047. 123047. 123047.
 123047. 121540. 121540. 120050. 120050. 120050. 120050. 119198. 119198.
 119198. 119198. 119198. 119198. 119198. 119198. 117764. 117764. 117764.
 117764. 117764. 117764. 117764. 117764. 117764. 117764. 117764. 116435.
 116435. 116435. 116435. 116435. 116435. 116435. 116091. 116091. 116091.
 116091. 116091. 116091. 115893. 115893. 115368. 115368. 115368. 115368.
 113028. 113028. 113028. 113028. 113028. 113028. 111620. 111620. 111620.
 111620. 111620. 111620. 109670. 109670. 109670. 109670. 109670. 109670.
 109670. 109670. 109670. 109670. 109670. 109670. 109670. 107907. 107907.
 107907. 107907. 107907. 107907. 107907. 107907. 107907. 107907. 107907.
 107907. 107907. 106928. 106928. 106928. 106928. 106928. 106928. 104070.
 104070. 104070. 104070. 104070. 102112. 102112. 102112. 102112. 102112.
 102112. 102112. 102112. 100732. 100732. 100732. 100732. 100732. 100732.
 100732. 100732. 100732. 100732. 100732. 100732.  98195.  98195.  98195.
  98195.  98195.  96749.  96749.  96749.  96749.  96749.  96749.  93684.
  93577.  93470.  93363.  93256.  93149.  93042.  92935.  92828.  92721.
  92614.  92507.  92400.  92293.  92186.  92079.  91972.  91865.  91758.
  91651.  91544.  91437.  91330.  91223.  91116.  91009.  86909.  86909.
  86909.  86909.  86909.  86909.  86491.  86491.  86491.  86491.  86491.
  85979.  85979.  85979.  85979.  85979.  85979.  85979.  85093.  85093.
  85093.  81370.  81370.  81370.  81370.].
Reshape your data either using array.reshape(-1, 1) if your data has a single feature or array.reshape(1, -1) if it contains a single sample.
INFO:root:
Hora y fecha de terminación: 2022-07-18 22:17:28
INFO:root:

***** Terminando la ejecución *****

INFO:root:

***** Iniciando ejecución *****
INFO:root:
Hora y fecha de ejecución: 2022-07-18 22:19:10
CRITICAL:root:Ha ocurrido un eror en la función descripcion, línea 64: 
Expected 2D array, got 1D array instead:
array=[139441. 139441. 139441. 139441. 139441. 139441. 139441. 139441. 139441.
 139441. 139441. 139441. 139441. 139441. 138414. 138414. 138414. 138414.
 138414. 138414. 138414. 138414. 138414. 138414. 138414. 138458. 138458.
 138458. 138895. 138895. 138895. 138895. 138895. 138895. 138895. 138895.
 138895. 138895. 138895. 138895. 138895. 138895. 138353. 138353. 138353.
 138353. 138353. 138353. 138353. 138353. 138353. 138329. 138329. 138329.
 138329. 138329. 138329. 138329. 138329. 138329. 138185. 138185. 138185.
 138185. 138185. 138185. 138185. 138185. 138185. 137893. 137893. 137893.
 137893. 137893. 137893. 137893. 137893. 137177. 137177. 137177. 137177.
 137177. 137177. 137177. 137177. 137177. 137177. 137177. 137177. 137059.
 137059. 137059. 137059. 137059. 137059. 137059. 137059. 137059. 137020.
 137020. 137020. 137020. 137020. 137020. 137020. 137020. 137020. 136736.
 136736. 136736. 136736. 136736. 136736. 136642. 136642. 136642. 136642.
 136642. 136642. 136393. 136393. 136393. 136393. 136393. 136393. 136393.
 136393. 136393. 136393. 136393. 136393. 136393. 136393. 136393. 136393.
 136393. 136393. 136013. 136013. 136013. 136013. 136013. 136013. 136013.
 136013. 136013. 136013. 135713. 135713. 135713. 135713. 135713. 135713.
 135713. 135713. 135700. 135700. 135700. 135700. 135617. 135617. 135617.
 135617. 135617. 135428. 135428. 135428. 135428. 135428. 135428. 135195.
 135195. 135195. 135195. 135195. 135195. 135195. 135195. 135195. 135195.
 134879. 134879. 134879. 134879. 134879. 134879. 134879. 134879. 134879.
 133679. 133679. 133679. 133679. 133594. 133594. 133594. 133594. 133594.
 133451. 132817. 132817. 132817. 132817. 132817. 132817. 132201. 132201.
 132201. 132201. 132201. 132201. 132201. 132201. 132201. 132201. 131956.
 131956. 131956. 131956. 131956. 131956. 131956. 131808. 131808. 131808.
 131808. 131728. 131728. 131728. 131630. 131630. 131630. 131630. 131630.
 131630. 131300. 131300. 131300. 131300. 130791. 130791. 130791. 130791.
 130791. 130791. 130791. 130791. 129600. 129600. 129600. 129600. 129600.
 129600. 129600. 129600. 129600. 129600. 129600. 129600. 129600. 129600.
 129600. 128032. 128032. 128032. 128032. 128032. 128032. 128032. 128032.
 128032. 128032. 127082. 126424. 126424. 126424. 126424. 126424. 126345.
 126345. 126345. 126345. 126345. 126141. 126141. 126141. 126141. 126141.
 126141. 125612. 125612. 125612. 125612. 125612. 125612. 125612. 125612.
 125612. 125612. 124940. 124940. 124940. 124940. 124940. 124940. 124940.
 124940. 124940. 124940. 124940. 124940. 124940. 124940. 124940. 124940.
 124940. 123047. 123047. 123047. 123047. 123047. 123047. 123047. 123047.
 123047. 121540. 121540. 120050. 120050. 120050. 120050. 119198. 119198.
 119198. 119198. 119198. 119198. 119198. 119198. 117764. 117764. 117764.
 117764. 117764. 117764. 117764. 117764. 117764. 117764. 117764. 116435.
 116435. 116435. 116435. 116435. 116435. 116435. 116091. 116091. 116091.
 116091. 116091. 116091. 115893. 115893. 115368. 115368. 115368. 115368.
 113028. 113028. 113028. 113028. 113028. 113028. 111620. 111620. 111620.
 111620. 111620. 111620. 109670. 109670. 109670. 109670. 109670. 109670.
 109670. 109670. 109670. 109670. 109670. 109670. 109670. 107907. 107907.
 107907. 107907. 107907. 107907. 107907. 107907. 107907. 107907. 107907.
 107907. 107907. 106928. 106928. 106928. 106928. 106928. 106928. 104070.
 104070. 104070. 104070. 104070. 102112. 102112. 102112. 102112. 102112.
 102112. 102112. 102112. 100732. 100732. 100732. 100732. 100732. 100732.
 100732. 100732. 100732. 100732. 100732. 100732.  98195.  98195.  98195.
  98195.  98195.  96749.  96749.  96749.  96749.  96749.  96749.  93684.
  93577.  93470.  93363.  93256.  93149.  93042.  92935.  92828.  92721.
  92614.  92507.  92400.  92293.  92186.  92079.  91972.  91865.  91758.
  91651.  91544.  91437.  91330.  91223.  91116.  91009.  86909.  86909.
  86909.  86909.  86909.  86909.  86491.  86491.  86491.  86491.  86491.
  85979.  85979.  85979.  85979.  85979.  85979.  85979.  85093.  85093.
  85093.  81370.  81370.  81370.  81370.].
Reshape your data either using array.reshape(-1, 1) if your data has a single feature or array.reshape(1, -1) if it contains a single sample.
INFO:root:
Hora y fecha de terminación: 2022-07-18 22:19:11
INFO:root:

***** Terminando la ejecución *****

INFO:root:

***** Iniciando ejecución *****
INFO:root:
Hora y fecha de ejecución: 2022-07-18 22:19:26
CRITICAL:root:Ha ocurrido un eror en la función descripcion, línea 64: 
Expected 2D array, got 1D array instead:
array=[139441. 139441. 139441. 139441. 139441. 139441. 139441. 139441. 139441.
 139441. 139441. 139441. 139441. 139441. 138414. 138414. 138414. 138414.
 138414. 138414. 138414. 138414. 138414. 138414. 138414. 138458. 138458.
 138458. 138895. 138895. 138895. 138895. 138895. 138895. 138895. 138895.
 138895. 138895. 138895. 138895. 138895. 138895. 138353. 138353. 138353.
 138353. 138353. 138353. 138353. 138353. 138353. 138329. 138329. 138329.
 138329. 138329. 138329. 138329. 138329. 138329. 138185. 138185. 138185.
 138185. 138185. 138185. 138185. 138185. 138185. 137893. 137893. 137893.
 137893. 137893. 137893. 137893. 137893. 137177. 137177. 137177. 137177.
 137177. 137177. 137177. 137177. 137177. 137177. 137177. 137177. 137059.
 137059. 137059. 137059. 137059. 137059. 137059. 137059. 137059. 137020.
 137020. 137020. 137020. 137020. 137020. 137020. 137020. 137020. 136736.
 136736. 136736. 136736. 136736. 136736. 136642. 136642. 136642. 136642.
 136642. 136642. 136393. 136393. 136393. 136393. 136393. 136393. 136393.
 136393. 136393. 136393. 136393. 136393. 136393. 136393. 136393. 136393.
 136393. 136393. 136013. 136013. 136013. 136013. 136013. 136013. 136013.
 136013. 136013. 136013. 135713. 135713. 135713. 135713. 135713. 135713.
 135713. 135713. 135700. 135700. 135700. 135700. 135617. 135617. 135617.
 135617. 135617. 135428. 135428. 135428. 135428. 135428. 135428. 135195.
 135195. 135195. 135195. 135195. 135195. 135195. 135195. 135195. 135195.
 134879. 134879. 134879. 134879. 134879. 134879. 134879. 134879. 134879.
 133679. 133679. 133679. 133679. 133594. 133594. 133594. 133594. 133594.
 133451. 132817. 132817. 132817. 132817. 132817. 132817. 132201. 132201.
 132201. 132201. 132201. 132201. 132201. 132201. 132201. 132201. 131956.
 131956. 131956. 131956. 131956. 131956. 131956. 131808. 131808. 131808.
 131808. 131728. 131728. 131728. 131630. 131630. 131630. 131630. 131630.
 131630. 131300. 131300. 131300. 131300. 130791. 130791. 130791. 130791.
 130791. 130791. 130791. 130791. 129600. 129600. 129600. 129600. 129600.
 129600. 129600. 129600. 129600. 129600. 129600. 129600. 129600. 129600.
 129600. 128032. 128032. 128032. 128032. 128032. 128032. 128032. 128032.
 128032. 128032. 127082. 126424. 126424. 126424. 126424. 126424. 126345.
 126345. 126345. 126345. 126345. 126141. 126141. 126141. 126141. 126141.
 126141. 125612. 125612. 125612. 125612. 125612. 125612. 125612. 125612.
 125612. 125612. 124940. 124940. 124940. 124940. 124940. 124940. 124940.
 124940. 124940. 124940. 124940. 124940. 124940. 124940. 124940. 124940.
 124940. 123047. 123047. 123047. 123047. 123047. 123047. 123047. 123047.
 123047. 121540. 121540. 120050. 120050. 120050. 120050. 119198. 119198.
 119198. 119198. 119198. 119198. 119198. 119198. 117764. 117764. 117764.
 117764. 117764. 117764. 117764. 117764. 117764. 117764. 117764. 116435.
 116435. 116435. 116435. 116435. 116435. 116435. 116091. 116091. 116091.
 116091. 116091. 116091. 115893. 115893. 115368. 115368. 115368. 115368.
 113028. 113028. 113028. 113028. 113028. 113028. 111620. 111620. 111620.
 111620. 111620. 111620. 109670. 109670. 109670. 109670. 109670. 109670.
 109670. 109670. 109670. 109670. 109670. 109670. 109670. 107907. 107907.
 107907. 107907. 107907. 107907. 107907. 107907. 107907. 107907. 107907.
 107907. 107907. 106928. 106928. 106928. 106928. 106928. 106928. 104070.
 104070. 104070. 104070. 104070. 102112. 102112. 102112. 102112. 102112.
 102112. 102112. 102112. 100732. 100732. 100732. 100732. 100732. 100732.
 100732. 100732. 100732. 100732. 100732. 100732.  98195.  98195.  98195.
  98195.  98195.  96749.  96749.  96749.  96749.  96749.  96749.  93684.
  93577.  93470.  93363.  93256.  93149.  93042.  92935.  92828.  92721.
  92614.  92507.  92400.  92293.  92186.  92079.  91972.  91865.  91758.
  91651.  91544.  91437.  91330.  91223.  91116.  91009.  86909.  86909.
  86909.  86909.  86909.  86909.  86491.  86491.  86491.  86491.  86491.
  85979.  85979.  85979.  85979.  85979.  85979.  85979.  85093.  85093.
  85093.  81370.  81370.  81370.  81370.].
Reshape your data either using array.reshape(-1, 1) if your data has a single feature or array.reshape(1, -1) if it contains a single sample.
INFO:root:
Hora y fecha de terminación: 2022-07-18 22:19:26
INFO:root:

***** Terminando la ejecución *****

INFO:root:

***** Iniciando ejecución *****
INFO:root:
Hora y fecha de ejecución: 2022-07-18 22:19:40
CRITICAL:root:Ha ocurrido un eror en la función descripcion, línea 64: 
Expected 2D array, got 1D array instead:
array=[139441. 139441. 139441. 139441. 139441. 139441. 139441. 139441. 139441.
 139441. 139441. 139441. 139441. 139441. 138414. 138414. 138414. 138414.
 138414. 138414. 138414. 138414. 138414. 138414. 138414. 138458. 138458.
 138458. 138895. 138895. 138895. 138895. 138895. 138895. 138895. 138895.
 138895. 138895. 138895. 138895. 138895. 138895. 138353. 138353. 138353.
 138353. 138353. 138353. 138353. 138353. 138353. 138329. 138329. 138329.
 138329. 138329. 138329. 138329. 138329. 138329. 138185. 138185. 138185.
 138185. 138185. 138185. 138185. 138185. 138185. 137893. 137893. 137893.
 137893. 137893. 137893. 137893. 137893. 137177. 137177. 137177. 137177.
 137177. 137177. 137177. 137177. 137177. 137177. 137177. 137177. 137059.
 137059. 137059. 137059. 137059. 137059. 137059. 137059. 137059. 137020.
 137020. 137020. 137020. 137020. 137020. 137020. 137020. 137020. 136736.
 136736. 136736. 136736. 136736. 136736. 136642. 136642. 136642. 136642.
 136642. 136642. 136393. 136393. 136393. 136393. 136393. 136393. 136393.
 136393. 136393. 136393. 136393. 136393. 136393. 136393. 136393. 136393.
 136393. 136393. 136013. 136013. 136013. 136013. 136013. 136013. 136013.
 136013. 136013. 136013. 135713. 135713. 135713. 135713. 135713. 135713.
 135713. 135713. 135700. 135700. 135700. 135700. 135617. 135617. 135617.
 135617. 135617. 135428. 135428. 135428. 135428. 135428. 135428. 135195.
 135195. 135195. 135195. 135195. 135195. 135195. 135195. 135195. 135195.
 134879. 134879. 134879. 134879. 134879. 134879. 134879. 134879. 134879.
 133679. 133679. 133679. 133679. 133594. 133594. 133594. 133594. 133594.
 133451. 132817. 132817. 132817. 132817. 132817. 132817. 132201. 132201.
 132201. 132201. 132201. 132201. 132201. 132201. 132201. 132201. 131956.
 131956. 131956. 131956. 131956. 131956. 131956. 131808. 131808. 131808.
 131808. 131728. 131728. 131728. 131630. 131630. 131630. 131630. 131630.
 131630. 131300. 131300. 131300. 131300. 130791. 130791. 130791. 130791.
 130791. 130791. 130791. 130791. 129600. 129600. 129600. 129600. 129600.
 129600. 129600. 129600. 129600. 129600. 129600. 129600. 129600. 129600.
 129600. 128032. 128032. 128032. 128032. 128032. 128032. 128032. 128032.
 128032. 128032. 127082. 126424. 126424. 126424. 126424. 126424. 126345.
 126345. 126345. 126345. 126345. 126141. 126141. 126141. 126141. 126141.
 126141. 125612. 125612. 125612. 125612. 125612. 125612. 125612. 125612.
 125612. 125612. 124940. 124940. 124940. 124940. 124940. 124940. 124940.
 124940. 124940. 124940. 124940. 124940. 124940. 124940. 124940. 124940.
 124940. 123047. 123047. 123047. 123047. 123047. 123047. 123047. 123047.
 123047. 121540. 121540. 120050. 120050. 120050. 120050. 119198. 119198.
 119198. 119198. 119198. 119198. 119198. 119198. 117764. 117764. 117764.
 117764. 117764. 117764. 117764. 117764. 117764. 117764. 117764. 116435.
 116435. 116435. 116435. 116435. 116435. 116435. 116091. 116091. 116091.
 116091. 116091. 116091. 115893. 115893. 115368. 115368. 115368. 115368.
 113028. 113028. 113028. 113028. 113028. 113028. 111620. 111620. 111620.
 111620. 111620. 111620. 109670. 109670. 109670. 109670. 109670. 109670.
 109670. 109670. 109670. 109670. 109670. 109670. 109670. 107907. 107907.
 107907. 107907. 107907. 107907. 107907. 107907. 107907. 107907. 107907.
 107907. 107907. 106928. 106928. 106928. 106928. 106928. 106928. 104070.
 104070. 104070. 104070. 104070. 102112. 102112. 102112. 102112. 102112.
 102112. 102112. 102112. 100732. 100732. 100732. 100732. 100732. 100732.
 100732. 100732. 100732. 100732. 100732. 100732.  98195.  98195.  98195.
  98195.  98195.  96749.  96749.  96749.  96749.  96749.  96749.  93684.
  93577.  93470.  93363.  93256.  93149.  93042.  92935.  92828.  92721.
  92614.  92507.  92400.  92293.  92186.  92079.  91972.  91865.  91758.
  91651.  91544.  91437.  91330.  91223.  91116.  91009.  86909.  86909.
  86909.  86909.  86909.  86909.  86491.  86491.  86491.  86491.  86491.
  85979.  85979.  85979.  85979.  85979.  85979.  85979.  85093.  85093.
  85093.  81370.  81370.  81370.  81370.].
Reshape your data either using array.reshape(-1, 1) if your data has a single feature or array.reshape(1, -1) if it contains a single sample.
INFO:root:
Hora y fecha de terminación: 2022-07-18 22:19:41
INFO:root:

***** Terminando la ejecución *****

INFO:root:

***** Iniciando ejecución *****
INFO:root:
Hora y fecha de ejecución: 2022-07-18 22:20:45
CRITICAL:root:Ha ocurrido un eror en la función descripcion, línea 49: 
Expected 2D array, got 1D array instead:
array=[139441. 139441. 139441. 139441. 139441. 139441. 139441. 139441. 139441.
 139441. 139441. 139441. 139441. 139441. 138414. 138414. 138414. 138414.
 138414. 138414. 138414. 138414. 138414. 138414. 138414. 138458. 138458.
 138458. 138895. 138895. 138895. 138895. 138895. 138895. 138895. 138895.
 138895. 138895. 138895. 138895. 138895. 138895. 138353. 138353. 138353.
 138353. 138353. 138353. 138353. 138353. 138353. 138329. 138329. 138329.
 138329. 138329. 138329. 138329. 138329. 138329. 138185. 138185. 138185.
 138185. 138185. 138185. 138185. 138185. 138185. 137893. 137893. 137893.
 137893. 137893. 137893. 137893. 137893. 137177. 137177. 137177. 137177.
 137177. 137177. 137177. 137177. 137177. 137177. 137177. 137177. 137059.
 137059. 137059. 137059. 137059. 137059. 137059. 137059. 137059. 137020.
 137020. 137020. 137020. 137020. 137020. 137020. 137020. 137020. 136736.
 136736. 136736. 136736. 136736. 136736. 136642. 136642. 136642. 136642.
 136642. 136642. 136393. 136393. 136393. 136393. 136393. 136393. 136393.
 136393. 136393. 136393. 136393. 136393. 136393. 136393. 136393. 136393.
 136393. 136393. 136013. 136013. 136013. 136013. 136013. 136013. 136013.
 136013. 136013. 136013. 135713. 135713. 135713. 135713. 135713. 135713.
 135713. 135713. 135700. 135700. 135700. 135700. 135617. 135617. 135617.
 135617. 135617. 135428. 135428. 135428. 135428. 135428. 135428. 135195.
 135195. 135195. 135195. 135195. 135195. 135195. 135195. 135195. 135195.
 134879. 134879. 134879. 134879. 134879. 134879. 134879. 134879. 134879.
 133679. 133679. 133679. 133679. 133594. 133594. 133594. 133594. 133594.
 133451. 132817. 132817. 132817. 132817. 132817. 132817. 132201. 132201.
 132201. 132201. 132201. 132201. 132201. 132201. 132201. 132201. 131956.
 131956. 131956. 131956. 131956. 131956. 131956. 131808. 131808. 131808.
 131808. 131728. 131728. 131728. 131630. 131630. 131630. 131630. 131630.
 131630. 131300. 131300. 131300. 131300. 130791. 130791. 130791. 130791.
 130791. 130791. 130791. 130791. 129600. 129600. 129600. 129600. 129600.
 129600. 129600. 129600. 129600. 129600. 129600. 129600. 129600. 129600.
 129600. 128032. 128032. 128032. 128032. 128032. 128032. 128032. 128032.
 128032. 128032. 127082. 126424. 126424. 126424. 126424. 126424. 126345.
 126345. 126345. 126345. 126345. 126141. 126141. 126141. 126141. 126141.
 126141. 125612. 125612. 125612. 125612. 125612. 125612. 125612. 125612.
 125612. 125612. 124940. 124940. 124940. 124940. 124940. 124940. 124940.
 124940. 124940. 124940. 124940. 124940. 124940. 124940. 124940. 124940.
 124940. 123047. 123047. 123047. 123047. 123047. 123047. 123047. 123047.
 123047. 121540. 121540. 120050. 120050. 120050. 120050. 119198. 119198.
 119198. 119198. 119198. 119198. 119198. 119198. 117764. 117764. 117764.
 117764. 117764. 117764. 117764. 117764. 117764. 117764. 117764. 116435.
 116435. 116435. 116435. 116435. 116435. 116435. 116091. 116091. 116091.
 116091. 116091. 116091. 115893. 115893. 115368. 115368. 115368. 115368.
 113028. 113028. 113028. 113028. 113028. 113028. 111620. 111620. 111620.
 111620. 111620. 111620. 109670. 109670. 109670. 109670. 109670. 109670.
 109670. 109670. 109670. 109670. 109670. 109670. 109670. 107907. 107907.
 107907. 107907. 107907. 107907. 107907. 107907. 107907. 107907. 107907.
 107907. 107907. 106928. 106928. 106928. 106928. 106928. 106928. 104070.
 104070. 104070. 104070. 104070. 102112. 102112. 102112. 102112. 102112.
 102112. 102112. 102112. 100732. 100732. 100732. 100732. 100732. 100732.
 100732. 100732. 100732. 100732. 100732. 100732.  98195.  98195.  98195.
  98195.  98195.  96749.  96749.  96749.  96749.  96749.  96749.  93684.
  93577.  93470.  93363.  93256.  93149.  93042.  92935.  92828.  92721.
  92614.  92507.  92400.  92293.  92186.  92079.  91972.  91865.  91758.
  91651.  91544.  91437.  91330.  91223.  91116.  91009.  86909.  86909.
  86909.  86909.  86909.  86909.  86491.  86491.  86491.  86491.  86491.
  85979.  85979.  85979.  85979.  85979.  85979.  85979.  85093.  85093.
  85093.  81370.  81370.  81370.  81370.].
Reshape your data either using array.reshape(-1, 1) if your data has a single feature or array.reshape(1, -1) if it contains a single sample.
CRITICAL:root:Ha ocurrido un eror en la función descripcion, línea 49: 
Expected 2D array, got 1D array instead:
array=[1.0900e+02 1.3610e+03 1.1300e+02 7.9000e+02 4.1000e+02 1.0730e+03
 2.6500e+02 2.3200e+02 1.4070e+03 1.8300e+02 4.1000e+03 1.2700e+02
 1.1500e+02 1.3400e+02 3.3700e+02 1.2090e+03 1.2300e+02 1.1030e+03
 8.6000e+01 8.8000e+01 1.4200e+02 1.5000e+01 1.0400e+02 1.1800e+02
 1.2700e+03 1.4620e+03 2.5310e+03 1.2400e+02 5.5900e+02 1.0680e+03
 3.0600e+02 1.7100e+02 2.3700e+02 1.8500e+02 2.6000e+02 2.8400e+02
 1.6800e+02 4.2400e+02 5.2020e+03 2.8400e+02 1.9120e+03 3.6600e+02
 2.0790e+03 1.0900e+02 3.1600e+02 1.5800e+02 3.4640e+03 8.3000e+01
 2.8300e+02 7.6000e+01 6.5000e+01 4.6700e+02 1.8100e+02 1.8200e+02
 2.1300e+02 4.1100e+02 2.0400e+02 1.3100e+02 1.7300e+02 3.0400e+02
 3.3500e+02 5.1300e+02 6.5400e+02 3.3500e+02 1.8200e+02 2.9800e+02
 1.5600e+02 9.9500e+02 1.6800e+02 2.8800e+02 4.6000e+02 1.7350e+03
 8.4700e+02 4.1800e+02 4.5800e+02 8.0800e+02 1.7000e+01 3.7400e+02
 1.6700e+02 6.4000e+02 2.2350e+03 3.6100e+02 3.0600e+02 2.4300e+02
 1.0800e+02 2.8000e+02 2.2800e+02 3.1900e+02 1.8900e+02 2.8300e+02
 5.6400e+02 2.2000e+02 3.5200e+02 2.1600e+02 2.1300e+02 2.5700e+02
 2.8700e+02 2.1800e+02 1.9660e+03 5.3900e+02 3.7000e+01 1.3260e+03
 2.4500e+02 2.1900e+02 3.1500e+02 2.6280e+03 3.3000e+02 1.0320e+03
 2.3700e+02 2.5700e+03 3.2400e+02 3.7000e+01 2.3800e+02 3.1400e+02
 3.5600e+02 3.1900e+02 1.4900e+03 2.9800e+02 3.9200e+02 2.5700e+02
 2.7100e+02 2.6540e+03 2.5400e+02 2.2300e+02 2.4600e+02 2.2800e+02
 3.4500e+02 2.2000e+02 1.9200e+02 2.0500e+02 2.0100e+02 8.6300e+02
 1.9400e+02 2.0600e+02 1.9200e+02 3.8800e+02 1.8200e+02 1.8900e+02
 1.4260e+03 3.7400e+02 9.7500e+02 2.4380e+03 5.9340e+03 4.4000e+02
 1.4500e+03 4.8300e+02 2.8200e+02 2.4300e+02 1.8770e+03 9.0000e+01
 1.9210e+03 3.7000e+02 6.0200e+02 7.2700e+02 5.4500e+02 2.9500e+02
 4.0800e+02 3.0900e+02 5.0900e+02 2.8800e+02 4.5200e+02 4.4700e+02
 6.1400e+02 1.7240e+03 2.5100e+02 3.6000e+02 4.5000e+02 4.9800e+02
 2.4200e+03 3.9000e+02 4.3000e+02 3.3400e+02 4.7540e+03 4.2400e+02
 4.4600e+02 2.5840e+03 9.8400e+02 4.7300e+02 4.8200e+02 4.3000e+02
 1.3970e+03 5.4900e+02 4.3500e+02 1.9560e+03 3.4800e+02 3.3500e+02
 4.0500e+02 2.8000e+02 2.9800e+02 4.2200e+02 3.6500e+02 6.9500e+02
 3.2400e+02 4.3700e+02 1.3330e+03 5.3000e+02 3.5900e+02 3.3100e+02
 3.3300e+02 1.0160e+03 4.0800e+02 4.0900e+02 1.1300e+03 7.5900e+02
 3.2300e+02 3.4400e+02 1.5770e+03 4.3400e+02 3.1500e+02 3.2200e+02
 9.0600e+02 3.9800e+02 3.2100e+02 2.6800e+02 4.6100e+02 9.9100e+02
 3.5100e+02 2.8600e+02 1.3540e+03 6.3200e+02 3.3000e+02 4.3100e+02
 9.5300e+02 3.2440e+03 4.7700e+02 2.7810e+03 3.4200e+02 5.7500e+02
 5.9100e+02 3.7400e+02 3.5100e+02 2.9700e+02 1.2600e+02 2.8900e+02
 3.1900e+02 1.1900e+02 7.8300e+02 3.5400e+02 3.9500e+02 4.0600e+02
 5.9200e+02 4.6000e+02 2.4480e+03 3.8220e+03 4.0100e+03 9.3000e+02
 5.0300e+02 4.8200e+02 5.1200e+02 4.4400e+02 5.7000e+02 7.4000e+02
 6.4600e+02 2.3270e+03 9.6300e+02 5.7400e+02 7.7000e+02 1.3300e+03
 5.9700e+02 6.4800e+02 6.3800e+02 8.2700e+02 4.7800e+02 5.1300e+02
 8.9000e+02 5.0300e+02 7.0000e+02 1.4410e+03 8.6100e+02 4.9300e+02
 1.4120e+03 1.0540e+03 2.4950e+03 9.3300e+02 8.8400e+02 3.6820e+03
 7.1600e+02 1.6430e+03 9.4700e+02 2.4570e+03 7.2000e+02 8.7200e+02
 2.1930e+03 1.3810e+03 1.5370e+03 8.4300e+02 3.8300e+02 8.6000e+02
 1.0380e+03 1.4500e+02 5.9100e+02 6.8100e+02 5.6000e+02 5.6900e+02
 6.5600e+02 1.1380e+03 6.7100e+02 5.2300e+02 5.6800e+02 8.3400e+02
 7.7900e+02 5.0300e+02 1.2290e+03 7.0500e+02 7.1500e+02 7.2500e+02
 6.7600e+02 6.8300e+02 9.3400e+02 7.3000e+02 6.5800e+02 6.1800e+02
 5.4800e+02 6.1600e+02 1.6220e+03 1.4260e+03 7.2400e+02 6.5600e+02
 6.7200e+02 1.0650e+03 7.3300e+02 5.4600e+02 5.2200e+02 1.3340e+03
 4.8800e+02 7.1200e+02 6.5800e+02 5.2900e+02 1.1830e+03 6.0700e+02
 9.1800e+02 6.2600e+02 5.2800e+02 5.6000e+02 1.5990e+03 5.9400e+02
 4.7900e+02 4.8500e+02 7.0600e+02 8.7500e+02 5.6900e+02 4.1500e+02
 6.2500e+02 4.3200e+02 3.2200e+02 5.0900e+02 1.7020e+03 3.5600e+02
 4.8400e+02 1.6370e+03 5.8700e+02 5.5500e+02 1.5700e+03 6.7600e+02
 4.9500e+02 5.6100e+02 4.8100e+02 5.4400e+02 4.9200e+02 6.3100e+02
 5.3900e+02 4.0600e+02 8.6100e+02 6.4200e+02 1.4850e+03 5.5500e+02
 7.4200e+02 6.7000e+02 5.4700e+02 6.2000e+02 1.2420e+03 2.5670e+03
 3.2500e+02 9.1600e+02 6.3900e+02 6.2300e+02 5.2600e+02 7.1300e+02
 1.1050e+03 2.2540e+03 1.4080e+03 8.3800e+02 6.8400e+02 6.1400e+02
 6.4200e+02 5.7500e+02 5.9700e+02 6.3300e+02 4.9700e+02 5.6500e+02
 4.9500e+02 1.3670e+03 6.4200e+02 4.8300e+02 5.4200e+02 4.8200e+02
 4.5800e+02 1.7320e+03 6.2700e+02 6.3100e+02 4.8100e+02 1.0960e+03
 6.5200e+02 1.1060e+03 4.4400e+02 4.5300e+02 4.5500e+02 3.9000e+02
 3.2200e+02 5.6600e+02 5.8600e+02 4.3300e+02 5.7000e+02 4.7400e+02
 6.5900e+02 1.4800e+03 9.3700e+02 2.5000e+01 4.5500e+02 5.0500e+02
 5.1300e+02 4.4600e+02 1.4200e+02 5.0700e+02 7.2600e+02 2.4500e+02
 1.3000e+02 1.3390e+03 3.9800e+02 1.4400e+02 2.3000e+01 2.0300e+02
 1.8400e+02 1.3420e+03 4.5000e+02 5.5400e+02 1.0370e+03 1.2680e+03
 7.1000e+01 5.2800e+02 5.2600e+02 9.0000e+00 1.1560e+03 5.5600e+02
 5.8200e+02 6.7800e+02 1.1328e+04 2.3000e+03 1.8190e+03 2.1270e+03
 1.8000e+03 1.3130e+03 1.2180e+03 1.0870e+03 1.2880e+03 1.0290e+03
 9.4000e+02 2.1900e+03 1.1890e+03 9.9400e+02 3.5860e+03 1.2640e+03
 1.3460e+03 1.6330e+03 2.3190e+03 1.1150e+03 9.2300e+02 1.0710e+03
 1.4010e+03 1.1750e+03 3.8100e+02 1.0020e+03 8.3700e+02 9.4400e+02
 1.4790e+03 1.1430e+03 2.2880e+03 4.9600e+02 1.0990e+03 1.0780e+03
 1.6350e+03 6.3000e+01 2.8330e+03 1.0580e+03 1.0230e+03 5.9000e+01
 9.9300e+02 9.3700e+02 1.2710e+03 9.3800e+02 9.1100e+02 9.0100e+02
 6.5500e+02 1.1110e+03 7.5600e+02 7.0800e+02 5.0800e+02 5.7200e+02
 5.7400e+02 5.2400e+02].
Reshape your data either using array.reshape(-1, 1) if your data has a single feature or array.reshape(1, -1) if it contains a single sample.
INFO:root:
Hora y fecha de terminación: 2022-07-18 22:21:00
INFO:root:

***** Terminando la ejecución *****

INFO:root:

***** Iniciando ejecución *****
INFO:root:
Hora y fecha de ejecución: 2022-07-18 22:28:03
INFO:root:

***** Iniciando ejecución *****
INFO:root:
Hora y fecha de ejecución: 2022-07-18 22:28:20
CRITICAL:root:Ha ocurrido un eror en la función descripcion, línea 44: 
'tuple' object is not callable
CRITICAL:root:Ha ocurrido un eror en la función descripcion, línea 44: 
'tuple' object is not callable
INFO:root:
Hora y fecha de terminación: 2022-07-18 22:28:23
INFO:root:

***** Terminando la ejecución *****

INFO:root:

***** Iniciando ejecución *****
INFO:root:
Hora y fecha de ejecución: 2022-07-18 22:28:31
INFO:root:

***** Iniciando ejecución *****
INFO:root:
Hora y fecha de ejecución: 2022-07-18 22:31:48
INFO:root:
Hora y fecha de terminación: 2022-07-18 22:32:08
INFO:root:

***** Terminando la ejecución *****

INFO:root:

***** Iniciando ejecución *****
INFO:root:
Hora y fecha de ejecución: 2022-07-18 22:36:20
INFO:root:
Hora y fecha de terminación: 2022-07-18 22:36:46
INFO:root:

***** Terminando la ejecución *****

INFO:root:

***** Iniciando ejecución *****
INFO:root:
Hora y fecha de ejecución: 2022-07-18 22:37:14
INFO:root:
Hora y fecha de terminación: 2022-07-18 22:37:28
INFO:root:

***** Terminando la ejecución *****

INFO:root:

***** Iniciando ejecución *****
INFO:root:
Hora y fecha de ejecución: 2022-07-18 22:38:14
INFO:root:
Hora y fecha de terminación: 2022-07-18 22:38:24
INFO:root:

***** Terminando la ejecución *****

INFO:root:

***** Iniciando ejecución *****
INFO:root:
Hora y fecha de ejecución: 2022-07-19 19:03:06
INFO:root:
Hora y fecha de terminación: 2022-07-19 19:03:54
INFO:root:

***** Terminando la ejecución *****

INFO:root:

***** Iniciando ejecución *****
INFO:root:
Hora y fecha de ejecución: 2022-07-19 19:04:22
INFO:root:

***** Iniciando ejecución *****
INFO:root:
Hora y fecha de ejecución: 2022-07-19 19:05:12
INFO:root:

***** Iniciando ejecución *****
INFO:root:
Hora y fecha de ejecución: 2022-07-19 19:07:14
INFO:root:
Hora y fecha de terminación: 2022-07-19 19:07:32
INFO:root:

***** Terminando la ejecución *****

INFO:root:

***** Iniciando ejecución *****
INFO:root:
Hora y fecha de ejecución: 2022-07-19 19:07:57
INFO:root:
Hora y fecha de terminación: 2022-07-19 19:08:56
INFO:root:

***** Terminando la ejecución *****

INFO:root:

***** Iniciando ejecución *****
INFO:root:
Hora y fecha de ejecución: 2022-07-19 19:14:21
CRITICAL:root:Ha ocurrido un eror en la función descripcion, línea 51: 
could not convert string to float: 'Page total likes'
CRITICAL:root:Ha ocurrido un eror en la función descripcion, línea 51: 
could not convert string to float: 'LP Consumers'
INFO:root:
Hora y fecha de terminación: 2022-07-19 19:14:33
INFO:root:

***** Terminando la ejecución *****

INFO:root:

***** Iniciando ejecución *****
INFO:root:
Hora y fecha de ejecución: 2022-07-19 19:16:15
INFO:root:
Hora y fecha de terminación: 2022-07-19 19:16:27
INFO:root:

***** Terminando la ejecución *****

INFO:root:

***** Iniciando ejecución *****
INFO:root:
Hora y fecha de ejecución: 2022-07-19 19:18:44
INFO:root:

***** Iniciando ejecución *****
INFO:root:
Hora y fecha de ejecución: 2022-07-19 19:19:21
INFO:root:
Hora y fecha de terminación: 2022-07-19 19:20:15
INFO:root:

***** Terminando la ejecución *****

INFO:root:

***** Iniciando ejecución *****
INFO:root:
Hora y fecha de ejecución: 2022-07-19 19:22:35
INFO:root:

***** Iniciando ejecución *****
INFO:root:
Hora y fecha de ejecución: 2022-07-19 19:24:49
CRITICAL:root:Ha ocurrido un eror en la función descripcion, línea 51: 
'Rectangle' object has no property 'axlabel'
CRITICAL:root:Ha ocurrido un eror en la función descripcion, línea 51: 
'Rectangle' object has no property 'axlabel'
INFO:root:
Hora y fecha de terminación: 2022-07-19 19:25:11
INFO:root:

***** Terminando la ejecución *****

INFO:root:

***** Iniciando ejecución *****
INFO:root:
Hora y fecha de ejecución: 2022-07-19 19:25:36
CRITICAL:root:Ha ocurrido un eror en la función descripcion, línea 51: 
'PolyCollection' object has no property 'axlabel'
CRITICAL:root:Ha ocurrido un eror en la función descripcion, línea 51: 
'PolyCollection' object has no property 'axlabel'
INFO:root:

***** Iniciando ejecución *****
INFO:root:
Hora y fecha de ejecución: 2022-07-19 19:26:02
INFO:root:
Hora y fecha de terminación: 2022-07-19 19:26:20
INFO:root:

***** Terminando la ejecución *****

INFO:root:

***** Iniciando ejecución *****
INFO:root:
Hora y fecha de ejecución: 2022-07-19 19:27:45
INFO:root:
Hora y fecha de terminación: 2022-07-19 19:28:16
INFO:root:

***** Terminando la ejecución *****

INFO:root:

***** Iniciando ejecución *****
INFO:root:
Hora y fecha de ejecución: 2022-07-19 19:29:40
INFO:root:
Hora y fecha de terminación: 2022-07-19 19:29:51
INFO:root:

***** Terminando la ejecución *****

INFO:root:

***** Iniciando ejecución *****
INFO:root:
Hora y fecha de ejecución: 2022-07-19 19:30:09
INFO:root:
Hora y fecha de terminación: 2022-07-19 19:30:23
INFO:root:

***** Terminando la ejecución *****

INFO:root:

***** Iniciando ejecución *****
INFO:root:
Hora y fecha de ejecución: 2022-07-20 16:06:48
INFO:root:
Hora y fecha de terminación: 2022-07-20 16:33:13
INFO:root:

***** Terminando la ejecución *****

INFO:root:

***** Iniciando ejecución *****
INFO:root:
Hora y fecha de ejecución: 2022-07-20 17:09:42
INFO:root:
Hora y fecha de terminación: 2022-07-20 17:09:58
INFO:root:

***** Terminando la ejecución *****

INFO:root:

***** Iniciando ejecución *****
INFO:root:
Hora y fecha de ejecución: 2022-07-20 17:10:24
INFO:root:
Hora y fecha de terminación: 2022-07-20 17:10:28
INFO:root:

***** Terminando la ejecución *****

INFO:root:

***** Iniciando ejecución *****
INFO:root:
Hora y fecha de ejecución: 2022-07-20 17:12:16
INFO:root:
Hora y fecha de terminación: 2022-07-20 17:12:21
INFO:root:

***** Terminando la ejecución *****

INFO:root:

***** Iniciando ejecución *****
INFO:root:
Hora y fecha de ejecución: 2022-07-20 17:12:34
INFO:root:
Hora y fecha de terminación: 2022-07-20 17:12:54
INFO:root:

***** Terminando la ejecución *****

INFO:root:

***** Iniciando ejecución *****
INFO:root:
Hora y fecha de ejecución: 2022-07-24 20:07:27
